Using pre-set license
Built from '2020.3/release' branch; Version is '2020.3.2f1 (8fd9074bf66c) revision 9427207'; Using compiler version '192528614'; Build Type 'Release'
OS: 'Windows 10 Home Single Language; OS build 19041.867; Version 2004; 64bit' Language: 'en' Physical Memory: 15731 MB
BatchMode: 1, IsHumanControllingUs: 0, StartBugReporterOnCrash: 0, Is64bit: 1, IsPro: 0

 COMMAND LINE ARGUMENTS:
C:\Program Files\Unity\Hub\Editor\2020.3.2f1\Editor\Unity.exe
-adb2
-batchMode
-noUpm
-name
AssetImportWorker0
-projectPath
D:/pewpew/25
-logFile
Logs/AssetImportWorker0.log
-srvPort
56450
Successfully changed project path to: D:/pewpew/25
D:/pewpew/25
Using Asset Import Pipeline V2.
Refreshing native plugins compatible for Editor in 32.07 ms, found 0 plugins.
Preloading 0 native plugins for Editor in 0.00 ms.
Initialize engine version: 2020.3.2f1 (8fd9074bf66c)
[Subsystems] Discovering subsystems at path C:/Program Files/Unity/Hub/Editor/2020.3.2f1/Editor/Data/Resources/UnitySubsystems
[Subsystems] Discovering subsystems at path D:/pewpew/25/Assets
GfxDevice: creating device client; threaded=0
Direct3D:
    Version:  Direct3D 11.0 [level 11.1]
    Renderer: NVIDIA GeForce RTX 2060 (ID=0x1f15)
    Vendor:   
    VRAM:     5980 MB
    Driver:   27.21.14.6589
Initialize mono
Mono path[0] = 'C:/Program Files/Unity/Hub/Editor/2020.3.2f1/Editor/Data/Managed'
Mono path[1] = 'C:/Program Files/Unity/Hub/Editor/2020.3.2f1/Editor/Data/MonoBleedingEdge/lib/mono/unityjit'
Mono config path = 'C:/Program Files/Unity/Hub/Editor/2020.3.2f1/Editor/Data/MonoBleedingEdge/etc'
Using monoOptions --debugger-agent=transport=dt_socket,embedding=1,server=y,suspend=n,address=127.0.0.1:56024
Begin MonoManager ReloadAssembly
Registering precompiled unity dll's ...
Register platform support module: C:/Program Files/Unity/Hub/Editor/2020.3.2f1/Editor/Data/PlaybackEngines/MacStandaloneSupport/UnityEditor.OSXStandalone.Extensions.dll
Register platform support module: C:/Program Files/Unity/Hub/Editor/2020.3.2f1/Editor/Data/PlaybackEngines/WindowsStandaloneSupport/UnityEditor.WindowsStandalone.Extensions.dll
Register platform support module: C:/Program Files/Unity/Hub/Editor/2020.3.2f1/Editor/Data/PlaybackEngines/LinuxStandaloneSupport/UnityEditor.LinuxStandalone.Extensions.dll
Registered in 0.003422 seconds.
Native extension for LinuxStandalone target not found
Native extension for WindowsStandalone target not found
Native extension for OSXStandalone target not found
Refreshing native plugins compatible for Editor in 27.77 ms, found 0 plugins.
Preloading 0 native plugins for Editor in 0.00 ms.
Invoked RoslynAnalysisRunner static constructor.
RoslynAnalysisRunner will not be running.
RoslynAnalysisRunner has terminated.
Mono: successfully reloaded assembly
- Completed reload, in  1.007 seconds
Platform modules already initialized, skipping
Registering precompiled user dll's ...
Registered in 0.000702 seconds.
Begin MonoManager ReloadAssembly
Native extension for LinuxStandalone target not found
Native extension for WindowsStandalone target not found
Native extension for OSXStandalone target not found
Refreshing native plugins compatible for Editor in 0.29 ms, found 0 plugins.
Preloading 0 native plugins for Editor in 0.00 ms.
Invoked RoslynAnalysisRunner static constructor.
RoslynAnalysisRunner will not be running.
RoslynAnalysisRunner has terminated.
Mono: successfully reloaded assembly
- Completed reload, in  0.789 seconds
Platform modules already initialized, skipping
========================================================================
Worker process is ready to serve import requests
Launched and connected shader compiler UnityShaderCompiler.exe after 0.05 seconds
Refreshing native plugins compatible for Editor in 0.30 ms, found 0 plugins.
Preloading 0 native plugins for Editor in 0.00 ms.
Unloading 1543 Unused Serialized files (Serialized files now loaded: 0)
System memory in use before: 75.7 MB.
System memory in use after: 75.7 MB.

Unloading 69 unused Assets to reduce memory usage. Loaded Objects now: 1981.
Total: 3.508100 ms (FindLiveObjects: 0.321100 ms CreateObjectMapping: 0.371600 ms MarkObjects: 2.616700 ms  DeleteObjects: 0.196600 ms)

========================================================================
Received Import Request.
  path: Assets/Desert Buildings/Textures/Desert_Building_V1_AlbedoTransparency.png
  artifactKey: Guid(33a7e5f4696b37d4aae7c5a1f057a90b) Importer(815301076,1909f56bfc062723c751e8b465ee728b)
Start importing Assets/Desert Buildings/Textures/Desert_Building_V1_AlbedoTransparency.png using Guid(33a7e5f4696b37d4aae7c5a1f057a90b) Importer(815301076,1909f56bfc062723c751e8b465ee728b)  -> (artifact id: '00d86cf834b380e2ee27d3d0237c5d10') in 0.100839 seconds
  Import took 0.103571 seconds .

========================================================================
Received Import Request.
  Time since last request: 0.000229 seconds.
  path: Assets/Desert Buildings/Textures
  artifactKey: Guid(60e937bd05454934b9d927ae58f9e17c) Importer(815301076,1909f56bfc062723c751e8b465ee728b)
Start importing Assets/Desert Buildings/Textures using Guid(60e937bd05454934b9d927ae58f9e17c) Importer(815301076,1909f56bfc062723c751e8b465ee728b)  -> (artifact id: 'd72e924f8a97dfce93d9929183221b53') in 0.001634 seconds
  Import took 0.003728 seconds .

========================================================================
Received Import Request.
  Time since last request: 0.000263 seconds.
  path: Assets/Desert Buildings/Textures/Desert_Building_V2_Normal.png
  artifactKey: Guid(6a74d327ed718f34c9804e7c44849c4d) Importer(815301076,1909f56bfc062723c751e8b465ee728b)
Start importing Assets/Desert Buildings/Textures/Desert_Building_V2_Normal.png using Guid(6a74d327ed718f34c9804e7c44849c4d) Importer(815301076,1909f56bfc062723c751e8b465ee728b)  -> (artifact id: 'adc979426d10a2064fbaff91a0584ab6') in 0.032397 seconds
  Import took 0.034826 seconds .

========================================================================
Received Import Request.
  Time since last request: 0.000221 seconds.
  path: Assets/Desert Buildings/Textures/Desert_Building_V3_Normal.png
  artifactKey: Guid(a79cb7aa9eae89247902725181798fe3) Importer(815301076,1909f56bfc062723c751e8b465ee728b)
Start importing Assets/Desert Buildings/Textures/Desert_Building_V3_Normal.png using Guid(a79cb7aa9eae89247902725181798fe3) Importer(815301076,1909f56bfc062723c751e8b465ee728b)  -> (artifact id: 'f5ae8cefb2dd0e29e07d53a4adaee0f5') in 0.014195 seconds
  Import took 0.016625 seconds .

========================================================================
Received Import Request.
  Time since last request: 0.000215 seconds.
  path: Assets/Desert Buildings/Textures/Desert_Building_V1_Normal.png
  artifactKey: Guid(0b21089cda09b2d43a44d3b9715267cf) Importer(815301076,1909f56bfc062723c751e8b465ee728b)
Start importing Assets/Desert Buildings/Textures/Desert_Building_V1_Normal.png using Guid(0b21089cda09b2d43a44d3b9715267cf) Importer(815301076,1909f56bfc062723c751e8b465ee728b)  -> (artifact id: '966fdbdd2a422ba74738184b7712b67f') in 0.009372 seconds
  Import took 0.011873 seconds .

========================================================================
Received Import Request.
  Time since last request: 0.000189 seconds.
  path: Assets/Desert Buildings/Textures/Desert_Building_V2_AlbedoTransparency.png
  artifactKey: Guid(3b2baef91083fd04496d07d1c6777790) Importer(815301076,1909f56bfc062723c751e8b465ee728b)
Start importing Assets/Desert Buildings/Textures/Desert_Building_V2_AlbedoTransparency.png using Guid(3b2baef91083fd04496d07d1c6777790) Importer(815301076,1909f56bfc062723c751e8b465ee728b)  -> (artifact id: '76afb7a39c1a67ceb6e8de6b09ad8b56') in 0.010146 seconds
  Import took 0.012666 seconds .

========================================================================
Received Import Request.
  Time since last request: 0.000254 seconds.
  path: Assets/Desert Buildings/Textures/Desert_Building_V2_MetallicSmoothness.png
  artifactKey: Guid(749cd4ebdc5e32b4d86cf9aba860355a) Importer(815301076,1909f56bfc062723c751e8b465ee728b)
Start importing Assets/Desert Buildings/Textures/Desert_Building_V2_MetallicSmoothness.png using Guid(749cd4ebdc5e32b4d86cf9aba860355a) Importer(815301076,1909f56bfc062723c751e8b465ee728b)  -> (artifact id: '4b41933cfd716679e76f306aeee9a64e') in 0.009325 seconds
  Import took 0.011889 seconds .

========================================================================
Received Import Request.
  Time since last request: 0.000190 seconds.
  path: Assets/Desert Buildings/Textures/Desert_Building_V5_MetallicSmoothness.png
  artifactKey: Guid(468ceaa59f820e74ba510d0503803f89) Importer(815301076,1909f56bfc062723c751e8b465ee728b)
Start importing Assets/Desert Buildings/Textures/Desert_Building_V5_MetallicSmoothness.png using Guid(468ceaa59f820e74ba510d0503803f89) Importer(815301076,1909f56bfc062723c751e8b465ee728b)  -> (artifact id: '8e789438dd0ab7fbb19da46002872a1e') in 0.008815 seconds
  Import took 0.011148 seconds .

========================================================================
Received Import Request.
  Time since last request: 0.000284 seconds.
  path: Assets/Desert Buildings/Textures/Desert_Building_V3_AlbedoTransparency.png
  artifactKey: Guid(8dcbdcc0a99403842ad7ce1073e73be4) Importer(815301076,1909f56bfc062723c751e8b465ee728b)
Start importing Assets/Desert Buildings/Textures/Desert_Building_V3_AlbedoTransparency.png using Guid(8dcbdcc0a99403842ad7ce1073e73be4) Importer(815301076,1909f56bfc062723c751e8b465ee728b)  -> (artifact id: 'a6181fd34774c850467640d270e40fab') in 0.010090 seconds
  Import took 0.012594 seconds .

========================================================================
Received Import Request.
  Time since last request: 0.000267 seconds.
  path: Assets/Desert Buildings/Textures/Desert_Building_V4_MetallicSmoothness.png
  artifactKey: Guid(df18f583dcb59ca44939414076f8592b) Importer(815301076,1909f56bfc062723c751e8b465ee728b)
Start importing Assets/Desert Buildings/Textures/Desert_Building_V4_MetallicSmoothness.png using Guid(df18f583dcb59ca44939414076f8592b) Importer(815301076,1909f56bfc062723c751e8b465ee728b)  -> (artifact id: '4d8eabd7146417cd09617f55b31c11aa') in 0.013551 seconds
  Import took 0.015876 seconds .

========================================================================
Received Import Request.
  Time since last request: 0.000260 seconds.
  path: Assets/Desert Buildings/Textures/Desert_Building_V5_Normal.png
  artifactKey: Guid(53c15e5a041d5f444956c70faa587593) Importer(815301076,1909f56bfc062723c751e8b465ee728b)
Start importing Assets/Desert Buildings/Textures/Desert_Building_V5_Normal.png using Guid(53c15e5a041d5f444956c70faa587593) Importer(815301076,1909f56bfc062723c751e8b465ee728b)  -> (artifact id: '5a8bdfcd0b39ef4881ea8d5ac2b9fdf4') in 0.007740 seconds
  Import took 0.010238 seconds .

========================================================================
Received Import Request.
  Time since last request: 0.000261 seconds.
  path: Assets/Desert Buildings/Textures/Desert_Building_V4_AlbedoTransparency.png
  artifactKey: Guid(e50e797a76d91e24995c7e638c20c03b) Importer(815301076,1909f56bfc062723c751e8b465ee728b)
Start importing Assets/Desert Buildings/Textures/Desert_Building_V4_AlbedoTransparency.png using Guid(e50e797a76d91e24995c7e638c20c03b) Importer(815301076,1909f56bfc062723c751e8b465ee728b)  -> (artifact id: '787859b90da63f7cb97628f4a2e94a85') in 0.010524 seconds
  Import took 0.013000 seconds .

========================================================================
Received Import Request.
  Time since last request: 0.000200 seconds.
  path: Assets/Desert Buildings/Textures/Desert_Building_V4_Normal.png
  artifactKey: Guid(15f843ed9ce06d84198c87c154f0067f) Importer(815301076,1909f56bfc062723c751e8b465ee728b)
Start importing Assets/Desert Buildings/Textures/Desert_Building_V4_Normal.png using Guid(15f843ed9ce06d84198c87c154f0067f) Importer(815301076,1909f56bfc062723c751e8b465ee728b)  -> (artifact id: '3ca579243512aaf77799d8ae1b417267') in 0.012292 seconds
  Import took 0.014769 seconds .

========================================================================
Received Import Request.
  Time since last request: 0.000228 seconds.
  path: Assets/Desert Buildings/Textures/Desert_Building_V1_MetallicSmoothness.png
  artifactKey: Guid(fb50cdcd34369f94eabf323b361e7fa2) Importer(815301076,1909f56bfc062723c751e8b465ee728b)
Start importing Assets/Desert Buildings/Textures/Desert_Building_V1_MetallicSmoothness.png using Guid(fb50cdcd34369f94eabf323b361e7fa2) Importer(815301076,1909f56bfc062723c751e8b465ee728b)  -> (artifact id: '3bb183a84334f423eadea57bc9083622') in 0.009354 seconds
  Import took 0.011894 seconds .

========================================================================
Received Import Request.
  Time since last request: 0.000184 seconds.
  path: Assets/Desert Buildings/Textures/Desert_Building_V5_AlbedoTransparency.png
  artifactKey: Guid(50120ee86de518a4b85e1d00006b0d40) Importer(815301076,1909f56bfc062723c751e8b465ee728b)
Start importing Assets/Desert Buildings/Textures/Desert_Building_V5_AlbedoTransparency.png using Guid(50120ee86de518a4b85e1d00006b0d40) Importer(815301076,1909f56bfc062723c751e8b465ee728b)  -> (artifact id: '5c9622fdec3753d5bd03752e9eac19c6') in 0.007475 seconds
  Import took 0.009646 seconds .

========================================================================
Received Import Request.
  Time since last request: 0.000221 seconds.
  path: Assets/Desert Buildings/Textures/Desert_Building_V3_MetallicSmoothness.png
  artifactKey: Guid(2998659bbc18c664db1e6e85d2d1b741) Importer(815301076,1909f56bfc062723c751e8b465ee728b)
Start importing Assets/Desert Buildings/Textures/Desert_Building_V3_MetallicSmoothness.png using Guid(2998659bbc18c664db1e6e85d2d1b741) Importer(815301076,1909f56bfc062723c751e8b465ee728b)  -> (artifact id: '366e18199522334363a8a5e9e054b7c3') in 0.011841 seconds
  Import took 0.014305 seconds .

========================================================================
Received Prepare
Registering precompiled user dll's ...
Registered in 0.000702 seconds.
Begin MonoManager ReloadAssembly
Native extension for LinuxStandalone target not found
Native extension for WindowsStandalone target not found
Native extension for OSXStandalone target not found
Refreshing native plugins compatible for Editor in 0.30 ms, found 0 plugins.
Preloading 0 native plugins for Editor in 0.00 ms.
Warning: Annotation not found!
UnityEngine.StackTraceUtility:ExtractStackTrace ()
UnityEditor.ProBuilder.EditorUtility:SetGizmoIconEnabled (System.Type,bool) (at Library/PackageCache/com.unity.probuilder@5.0.1/Editor/EditorCore/EditorUtility.cs:575)
UnityEditor.ProBuilder.HierarchyListener:.cctor () (at Library/PackageCache/com.unity.probuilder@5.0.1/Editor/EditorCore/HierarchyListener.cs:21)
System.Runtime.CompilerServices.RuntimeHelpers:RunClassConstructor (System.RuntimeTypeHandle)
UnityEditor.EditorAssemblies:ProcessInitializeOnLoadAttributes (System.Type[])

[Library/PackageCache/com.unity.probuilder@5.0.1/Editor/EditorCore/EditorUtility.cs line 575]

Invoked RoslynAnalysisRunner static constructor.
RoslynAnalysisRunner will not be running.
RoslynAnalysisRunner has terminated.
Mono: successfully reloaded assembly
- Completed reload, in  0.682 seconds
Platform modules already initialized, skipping
Refreshing native plugins compatible for Editor in 0.30 ms, found 0 plugins.
Preloading 0 native plugins for Editor in 0.00 ms.
Unloading 1512 Unused Serialized files (Serialized files now loaded: 0)
System memory in use before: 76.2 MB.
System memory in use after: 76.2 MB.

Unloading 6 unused Assets to reduce memory usage. Loaded Objects now: 1989.
Total: 2.738800 ms (FindLiveObjects: 0.294200 ms CreateObjectMapping: 0.091100 ms MarkObjects: 2.254000 ms  DeleteObjects: 0.096600 ms)

========================================================================
Received Prepare
Registering precompiled user dll's ...
Registered in 0.001016 seconds.
Begin MonoManager ReloadAssembly
Native extension for LinuxStandalone target not found
Native extension for WindowsStandalone target not found
Native extension for OSXStandalone target not found
Refreshing native plugins compatible for Editor in 0.30 ms, found 0 plugins.
Preloading 0 native plugins for Editor in 0.00 ms.
Warning: Annotation not found!
UnityEngine.StackTraceUtility:ExtractStackTrace ()
UnityEditor.ProBuilder.EditorUtility:SetGizmoIconEnabled (System.Type,bool) (at Library/PackageCache/com.unity.probuilder@5.0.1/Editor/EditorCore/EditorUtility.cs:575)
UnityEditor.ProBuilder.HierarchyListener:.cctor () (at Library/PackageCache/com.unity.probuilder@5.0.1/Editor/EditorCore/HierarchyListener.cs:21)
System.Runtime.CompilerServices.RuntimeHelpers:RunClassConstructor (System.RuntimeTypeHandle)
UnityEditor.EditorAssemblies:ProcessInitializeOnLoadAttributes (System.Type[])

[Library/PackageCache/com.unity.probuilder@5.0.1/Editor/EditorCore/EditorUtility.cs line 575]

Invoked RoslynAnalysisRunner static constructor.
RoslynAnalysisRunner will not be running.
RoslynAnalysisRunner has terminated.
Mono: successfully reloaded assembly
- Completed reload, in  0.697 seconds
Platform modules already initialized, skipping
Refreshing native plugins compatible for Editor in 0.33 ms, found 0 plugins.
Preloading 0 native plugins for Editor in 0.00 ms.
Unloading 1512 Unused Serialized files (Serialized files now loaded: 0)
System memory in use before: 76.2 MB.
System memory in use after: 76.3 MB.

Unloading 6 unused Assets to reduce memory usage. Loaded Objects now: 1992.
Total: 2.493900 ms (FindLiveObjects: 0.230700 ms CreateObjectMapping: 0.041100 ms MarkObjects: 2.094900 ms  DeleteObjects: 0.124800 ms)

========================================================================
Received Prepare
Registering precompiled user dll's ...
Registered in 0.000747 seconds.
Begin MonoManager ReloadAssembly
Native extension for LinuxStandalone target not found
Native extension for WindowsStandalone target not found
Native extension for OSXStandalone target not found
Refreshing native plugins compatible for Editor in 0.30 ms, found 0 plugins.
Preloading 0 native plugins for Editor in 0.00 ms.
Warning: Annotation not found!
UnityEngine.StackTraceUtility:ExtractStackTrace ()
UnityEditor.ProBuilder.EditorUtility:SetGizmoIconEnabled (System.Type,bool) (at Library/PackageCache/com.unity.probuilder@5.0.1/Editor/EditorCore/EditorUtility.cs:575)
UnityEditor.ProBuilder.HierarchyListener:.cctor () (at Library/PackageCache/com.unity.probuilder@5.0.1/Editor/EditorCore/HierarchyListener.cs:21)
System.Runtime.CompilerServices.RuntimeHelpers:RunClassConstructor (System.RuntimeTypeHandle)
UnityEditor.EditorAssemblies:ProcessInitializeOnLoadAttributes (System.Type[])

[Library/PackageCache/com.unity.probuilder@5.0.1/Editor/EditorCore/EditorUtility.cs line 575]

Invoked RoslynAnalysisRunner static constructor.
RoslynAnalysisRunner will not be running.
RoslynAnalysisRunner has terminated.
Mono: successfully reloaded assembly
- Completed reload, in  0.694 seconds
Platform modules already initialized, skipping
Refreshing native plugins compatible for Editor in 0.29 ms, found 0 plugins.
Preloading 0 native plugins for Editor in 0.00 ms.
Unloading 1512 Unused Serialized files (Serialized files now loaded: 0)
System memory in use before: 76.2 MB.
System memory in use after: 76.3 MB.

Unloading 6 unused Assets to reduce memory usage. Loaded Objects now: 1995.
Total: 3.002200 ms (FindLiveObjects: 0.474400 ms CreateObjectMapping: 0.120800 ms MarkObjects: 2.291900 ms  DeleteObjects: 0.112200 ms)

AssetImportWorkerClient::OnTransportError - code=2 error=End of file
